average route lenght with hubs
average route lenght without hubs
CO2 emissions
cost of drivers if LSP doesnt use hubs
cost of drivers if LSP uses hubs
cost of fuel if LSP doesnt use hubs
cost of fuel if LSP uses hubs
cost of vehicles if LSP doesnt use hubs
cost of vehicles if LSP uses hubs
Delivery time with hubs
Fill rate with hubs
Funds
Hubs
km travelled
km travelled if LSP doesnt use hubs
km travelled if LSP uses hubs
km travelled not using hubs
km travelled using hubs
LSP actual adopters
LSP potential adopters
LSP willing adopters
monetary value
monthly cost for companies to join the scheme
number of vans needed if LSP doesnt use hubs
number of vans needed if LSP uses hubs
Routing efficiency with hubs
share of demand going through the hub
share of monetary value
share of using capacity
share of utilized capacity
total cost of LSP not using hubs
total cost of LSP using hubs
total delivery time if LSP doesnt use hubs
total delivery time if LSP uses hubs
Utilized capacity
